build/outputs/logs/manifest-merger-debug-report.txt
-- Merging decision tree log ---
manifest
ADDED from PHack/DoctorsApp/AndroidManifest.xml:2:1-24:12
	package
		ADDED from PHack/DoctorsApp/AndroidManifest.xml:5:5-35
	android:versionName
		ADDED from PHack/DoctorsApp/AndroidManifest.xml:4:7-32
		INJECTED from PHack/DoctorsApp/AndroidManifest.xml
		INJECTED from PHack/DoctorsApp/AndroidManifest.xml
	android:versionCode
		ADDED from PHack/DoctorsApp/AndroidManifest.xml:3:7-30
		INJECTED from PHack/DoctorsApp/AndroidManifest.xml
		INJECTED from PHack/DoctorsApp/AndroidManifest.xml
	xmlns:android
		ADDED from PHack/DoctorsApp/AndroidManifest.xml:2:11-69
application
ADDED from PHack/DoctorsApp/AndroidManifest.xml:6:5-18:19
MERGED from [com.android.support:support-compat:28.0.0] AndroidManifest.xml:22:5-94
MERGED from [com.android.support:versionedparcelable:28.0.0] AndroidManifest.xml:22:5-23:19
	android:label
		ADDED from PHack/DoctorsApp/AndroidManifest.xml:6:18-50
	android:appComponentFactory
		ADDED from [com.android.support:support-compat:28.0.0] AndroidManifest.xml:22:18-91
	android:icon
		ADDED from PHack/DoctorsApp/AndroidManifest.xml:7:9-43
	android:theme
		ADDED from PHack/DoctorsApp/AndroidManifest.xml:8:9-40
activity#ai.kitt.snowboy.Demo
ADDED from PHack/DoctorsApp/AndroidManifest.xml:9:9-16:20
	android:label
		ADDED from PHack/DoctorsApp/AndroidManifest.xml:11:19-51
	android:windowSoftInputMode
		ADDED from PHack/DoctorsApp/AndroidManifest.xml:10:16-57
	android:name
		ADDED from PHack/DoctorsApp/AndroidManifest.xml:9:19-54
intent-filter#android.intent.action.MAIN+android.intent.category.LAUNCHER
ADDED from PHack/DoctorsApp/AndroidManifest.xml:12:13-15:29
action#android.intent.action.MAIN
ADDED from PHack/DoctorsApp/AndroidManifest.xml:13:17-69
	android:name
		ADDED from PHack/DoctorsApp/AndroidManifest.xml:13:25-66
category#android.intent.category.LAUNCHER
ADDED from PHack/DoctorsApp/AndroidManifest.xml:14:17-77
	android:name
		ADDED from PHack/DoctorsApp/AndroidManifest.xml:14:27-74
activity#ai.kitt.snowboy.Login_Page
ADDED from PHack/DoctorsApp/AndroidManifest.xml:17:9-72
	android:name
		ADDED from PHack/DoctorsApp/AndroidManifest.xml:17:19-60
uses-permission#android.permission.ACCESS_WIFI_STATE
ADDED from PHack/DoctorsApp/AndroidManifest.xml:20:1-88
	android:name
		ADDED from PHack/DoctorsApp/AndroidManifest.xml:20:18-69
uses-permission#android.permission.RECORD_AUDIO
ADDED from PHack/DoctorsApp/AndroidManifest.xml:21:1-83
	android:name
		ADDED from PHack/DoctorsApp/AndroidManifest.xml:21:18-64
uses-permission#android.permission.INTERNET
ADDED from PHack/DoctorsApp/AndroidManifest.xml:22:1-79
	android:name
		ADDED from PHack/DoctorsApp/AndroidManifest.xml:22:18-60
uses-permission#android.permission.WRITE_EXTERNAL_STORAGE
ADDED from PHack/DoctorsApp/AndroidManifest.xml:23:1-76
	android:name
		ADDED from PHack/DoctorsApp/AndroidManifest.xml:23:18-74
uses-sdk
INJECTED from PHack/DoctorsApp/AndroidManifest.xml reason: use-sdk injection requested
MERGED from [com.android.support:appcompat-v7:28.0.0] AndroidManifest.xml:20:5-44
MERGED from [com.android.support:support-fragment:28.0.0] AndroidManifest.xml:20:5-44
MERGED from [com.android.support:animated-vector-drawable:28.0.0] AndroidManifest.xml:20:5-44
MERGED from [com.android.support:support-vector-drawable:28.0.0] AndroidManifest.xml:20:5-44
MERGED from [com.android.support:support-core-ui:28.0.0] AndroidManifest.xml:20:5-44
MERGED from [com.android.support:support-core-utils:28.0.0] AndroidManifest.xml:20:5-44
MERGED from [com.android.support:documentfile:28.0.0] AndroidManifest.xml:20:5-44
MERGED from [com.android.support:loader:28.0.0] AndroidManifest.xml:20:5-44
MERGED from [android.arch.lifecycle:livedata:1.1.1] AndroidManifest.xml:20:5-44
MERGED from [android.arch.lifecycle:livedata-core:1.1.1] AndroidManifest.xml:20:5-44
MERGED from [android.arch.core:runtime:1.1.1] AndroidManifest.xml:20:5-44
MERGED from [android.arch.lifecycle:viewmodel:1.1.1] AndroidManifest.xml:20:5-44
MERGED from [com.android.support:localbroadcastmanager:28.0.0] AndroidManifest.xml:20:5-44
MERGED from [com.android.support:print:28.0.0] AndroidManifest.xml:20:5-44
MERGED from [com.android.support:viewpager:28.0.0] AndroidManifest.xml:20:5-44
MERGED from [com.android.support:coordinatorlayout:28.0.0] AndroidManifest.xml:20:5-44
MERGED from [com.android.support:drawerlayout:28.0.0] AndroidManifest.xml:20:5-44
MERGED from [com.android.support:slidingpanelayout:28.0.0] AndroidManifest.xml:20:5-44
MERGED from [com.android.support:customview:28.0.0] AndroidManifest.xml:20:5-44
MERGED from [com.android.support:swiperefreshlayout:28.0.0] AndroidManifest.xml:20:5-44
MERGED from [com.android.support:interpolator:28.0.0] AndroidManifest.xml:20:5-44
MERGED from [com.android.support:asynclayoutinflater:28.0.0] AndroidManifest.xml:20:5-44
MERGED from [com.android.support:support-compat:28.0.0] AndroidManifest.xml:20:5-44
MERGED from [android.arch.lifecycle:runtime:1.1.1] AndroidManifest.xml:20:5-44
MERGED from [com.android.support:versionedparcelable:28.0.0] AndroidManifest.xml:20:5-44
MERGED from [com.android.support:cursoradapter:28.0.0] AndroidManifest.xml:20:5-44
	android:minSdkVersion
		INJECTED from PHack/DoctorsApp/AndroidManifest.xml
		INJECTED from PHack/DoctorsApp/AndroidManifest.xml